<?xml version="1.0" encoding="UTF-8"?>
<testsuite name="SimpleTest" tests="1" skipped="0" failures="0" errors="0" timestamp="2018-01-16T19:47:13" hostname="DESKTOP-6SSJG4S" time="0.009">
  <properties/>
  <testcase name="test" classname="SimpleTest" time="0.009"/>
  <system-out><![CDATA[true = true
]]></system-out>
  <system-err><![CDATA[]]></system-err>
</testsuite>
